<?xml version="1.0" encoding="UTF-8"?>
<!-- Generated by org.testng.reporters.JUnitXMLReporter -->
<testsuite ignored="18" hostname="DESKTOP-AV62DVG" failures="1" tests="1" name="Default test" time="62.148" errors="0" timestamp="2025-07-28T18:12:49 IST">
  <testcase classname="adminPanelDiscValidationScripts.UpdatePDTest" name="addZoomTest" time="46.026">
    <failure type="org.openqa.selenium.TimeoutException" message="Expected condition failed: waiting for element to be clickable: Proxy element for: DefaultElementLocator &amp;apos;By.xpath: //button[normalize-space()=&amp;apos;Create New Meeting&amp;apos;]&amp;apos; (tried for 30 second(s) with 500 milliseconds interval)">
      <![CDATA[org.openqa.selenium.TimeoutException: Expected condition failed: waiting for element to be clickable: Proxy element for: DefaultElementLocator 'By.xpath: //button[normalize-space()='Create New Meeting']' (tried for 30 second(s) with 500 milliseconds interval)
at org.openqa.selenium.support.ui.WebDriverWait.timeoutException(WebDriverWait.java:84)
at org.openqa.selenium.support.ui.FluentWait.until(FluentWait.java:228)
at com.tech_Connect.Action.ActionClass.click(ActionClass.java:44)
at AdminCommonEventActions.EventsActionsTest.addZoomMeet(EventsActionsTest.java:349)
at adminPanelDiscValidationScripts.UpdatePDTest.addZoomTest(UpdatePDTest.java:163)
at java.base/jdk.internal.reflect.DirectMethodHandleAccessor.invoke(DirectMethodHandleAccessor.java:103)
at java.base/java.lang.reflect.Method.invoke(Method.java:580)
at org.testng.internal.invokers.MethodInvocationHelper.invokeMethod(MethodInvocationHelper.java:141)
at org.testng.internal.invokers.TestInvoker.invokeMethod(TestInvoker.java:687)
at org.testng.internal.invokers.TestInvoker.invokeTestMethod(TestInvoker.java:230)
at org.testng.internal.invokers.MethodRunner.runInSequence(MethodRunner.java:63)
at org.testng.internal.invokers.TestInvoker$MethodInvocationAgent.invoke(TestInvoker.java:995)
at org.testng.internal.invokers.TestInvoker.invokeTestMethods(TestInvoker.java:203)
at org.testng.internal.invokers.TestMethodWorker.invokeTestMethods(TestMethodWorker.java:154)
at org.testng.internal.invokers.TestMethodWorker.run(TestMethodWorker.java:134)
at java.base/java.util.ArrayList.forEach(ArrayList.java:1596)
at org.testng.TestRunner.privateRun(TestRunner.java:741)
at org.testng.TestRunner.run(TestRunner.java:616)
at org.testng.SuiteRunner.runTest(SuiteRunner.java:421)
at org.testng.SuiteRunner.runSequentially(SuiteRunner.java:413)
at org.testng.SuiteRunner.privateRun(SuiteRunner.java:373)
at org.testng.SuiteRunner.run(SuiteRunner.java:312)
at org.testng.SuiteRunnerWorker.runSuite(SuiteRunnerWorker.java:52)
at org.testng.SuiteRunnerWorker.run(SuiteRunnerWorker.java:95)
at org.testng.TestNG.runSuitesSequentially(TestNG.java:1274)
at org.testng.TestNG.runSuitesLocally(TestNG.java:1208)
at org.testng.TestNG.runSuites(TestNG.java:1112)
at org.testng.TestNG.run(TestNG.java:1079)
at org.testng.remote.AbstractRemoteTestNG.run(AbstractRemoteTestNG.java:115)
at org.testng.remote.RemoteTestNG.initAndRun(RemoteTestNG.java:293)
at org.testng.remote.RemoteTestNG.main(RemoteTestNG.java:91)
Caused by: org.openqa.selenium.NoSuchElementException: no such element: Unable to locate element: {"method":"xpath","selector":"//button[normalize-space()='Create New Meeting']"}
  (Session info: chrome=138.0.7204.159)
For documentation on this error, please visit: https://www.selenium.dev/documentation/webdriver/troubleshooting/errors#no-such-element-exception
Build info: version: '4.20.0', revision: '866c76ca80'
System info: os.name: 'Windows 11', os.arch: 'amd64', os.version: '10.0', java.version: '21.0.7'
Driver info: org.openqa.selenium.chrome.ChromeDriver
Command: [de5f41c64a58d5d30f338e68e9ea1b75, findElement {using=xpath, value=//button[normalize-space()='Create New Meeting']}]
Capabilities {acceptInsecureCerts: false, browserName: chrome, browserVersion: 138.0.7204.159, chrome: {chromedriverVersion: 138.0.7204.168 (3e8d82e86e9..., userDataDir: C:\Users\Admin\AppData\Loca...}, fedcm:accounts: true, goog:chromeOptions: {debuggerAddress: localhost:59489}, networkConnectionEnabled: false, pageLoadStrategy: normal, platformName: windows, proxy: Proxy(), se:cdp: ws://localhost:59489/devtoo..., se:cdpVersion: 138.0.7204.159, setWindowRect: true, strictFileInteractability: false, timeouts: {implicit: 0, pageLoad: 300000, script: 30000}, unhandledPromptBehavior: dismiss and notify, webauthn:extension:credBlob: true, webauthn:extension:largeBlob: true, webauthn:extension:minPinLength: true, webauthn:extension:prf: true, webauthn:virtualAuthenticators: true}
Session ID: de5f41c64a58d5d30f338e68e9ea1b75
at java.base/jdk.internal.reflect.DirectConstructorHandleAccessor.newInstance(DirectConstructorHandleAccessor.java:62)
at java.base/java.lang.reflect.Constructor.newInstanceWithCaller(Constructor.java:502)
at java.base/java.lang.reflect.Constructor.newInstance(Constructor.java:486)
at org.openqa.selenium.remote.ErrorCodec.decode(ErrorCodec.java:167)
at org.openqa.selenium.remote.codec.w3c.W3CHttpResponseCodec.decode(W3CHttpResponseCodec.java:138)
at org.openqa.selenium.remote.codec.w3c.W3CHttpResponseCodec.decode(W3CHttpResponseCodec.java:50)
at org.openqa.selenium.remote.HttpCommandExecutor.execute(HttpCommandExecutor.java:190)
at org.openqa.selenium.remote.service.DriverCommandExecutor.invokeExecute(DriverCommandExecutor.java:216)
at org.openqa.selenium.remote.service.DriverCommandExecutor.execute(DriverCommandExecutor.java:174)
at org.openqa.selenium.remote.RemoteWebDriver.execute(RemoteWebDriver.java:518)
at org.openqa.selenium.remote.ElementLocation$ElementFinder$2.findElement(ElementLocation.java:165)
at org.openqa.selenium.remote.ElementLocation.findElement(ElementLocation.java:59)
at org.openqa.selenium.remote.RemoteWebDriver.findElement(RemoteWebDriver.java:355)
at org.openqa.selenium.remote.RemoteWebDriver.findElement(RemoteWebDriver.java:349)
at org.openqa.selenium.support.pagefactory.DefaultElementLocator.findElement(DefaultElementLocator.java:68)
at org.openqa.selenium.support.pagefactory.internal.LocatingElementHandler.invoke(LocatingElementHandler.java:38)
at jdk.proxy2/jdk.proxy2.$Proxy14.isDisplayed(Unknown Source)
at org.openqa.selenium.support.ui.ExpectedConditions.elementIfVisible(ExpectedConditions.java:304)
at org.openqa.selenium.support.ui.ExpectedConditions$10.apply(ExpectedConditions.java:290)
at org.openqa.selenium.support.ui.ExpectedConditions$10.apply(ExpectedConditions.java:287)
at org.openqa.selenium.support.ui.ExpectedConditions$23.apply(ExpectedConditions.java:656)
at org.openqa.selenium.support.ui.ExpectedConditions$23.apply(ExpectedConditions.java:652)
at org.openqa.selenium.support.ui.FluentWait.until(FluentWait.java:203)
... 29 more
]]>
    </failure>
  </testcase> <!-- addZoomTest -->
  <testcase classname="adminPanelDiscValidationScripts.UpdatePDTest" name="updateWebinarSession" time="0.0">
    <ignored/>
  </testcase> <!-- updateWebinarSession -->
  <testcase classname="adminPanelDiscValidationScripts.UpdatePDTest" name="addSpeaker" time="0.0">
    <ignored/>
  </testcase> <!-- addSpeaker -->
  <testcase classname="adminPanelDiscValidationScripts.UpdatePDTest" name="updateWebinarSponsor" time="0.0">
    <ignored/>
  </testcase> <!-- updateWebinarSponsor -->
  <testcase classname="adminPanelDiscValidationScripts.UpdatePDTest" name="addExistingSpeaker" time="0.0">
    <ignored/>
  </testcase> <!-- addExistingSpeaker -->
  <testcase classname="adminPanelDiscValidationScripts.UpdatePDTest" name="updateWebinar" time="0.0">
    <ignored/>
  </testcase> <!-- updateWebinar -->
  <testcase classname="adminPanelDiscValidationScripts.UpdatePDTest" name="updateWebinarSpeaker" time="0.0">
    <ignored/>
  </testcase> <!-- updateWebinarSpeaker -->
  <testcase classname="adminPanelDiscValidationScripts.UpdatePDTest" name="deleteWebinarSponsor" time="0.0">
    <ignored/>
  </testcase> <!-- deleteWebinarSponsor -->
  <testcase classname="adminPanelDiscValidationScripts.UpdatePDTest" name="addSponsor" time="0.0">
    <ignored/>
  </testcase> <!-- addSponsor -->
  <testcase classname="adminPanelDiscValidationScripts.UpdatePDTest" name="addRegistrant" time="0.0">
    <ignored/>
  </testcase> <!-- addRegistrant -->
  <testcase classname="adminPanelDiscValidationScripts.UpdatePDTest" name="deleteRegistrant" time="0.0">
    <ignored/>
  </testcase> <!-- deleteRegistrant -->
  <testcase classname="adminPanelDiscValidationScripts.UpdatePDTest" name="addExistingSponsor" time="0.0">
    <ignored/>
  </testcase> <!-- addExistingSponsor -->
  <testcase classname="adminPanelDiscValidationScripts.UpdatePDTest" name="publishWebinar" time="0.0">
    <ignored/>
  </testcase> <!-- publishWebinar -->
  <testcase classname="adminPanelDiscValidationScripts.UpdatePDTest" name="deleteZoomTest" time="0.0">
    <ignored/>
  </testcase> <!-- deleteZoomTest -->
  <testcase classname="adminPanelDiscValidationScripts.UpdatePDTest" name="deleteWebinarSpeaker" time="0.0">
    <ignored/>
  </testcase> <!-- deleteWebinarSpeaker -->
  <testcase classname="adminPanelDiscValidationScripts.UpdatePDTest" name="addSession" time="0.0">
    <ignored/>
  </testcase> <!-- addSession -->
  <testcase classname="adminPanelDiscValidationScripts.UpdatePDTest" name="updateZoomTest" time="0.0">
    <ignored/>
  </testcase> <!-- updateZoomTest -->
  <testcase classname="adminPanelDiscValidationScripts.UpdatePDTest" name="saveWebinarAsDraft" time="0.0">
    <ignored/>
  </testcase> <!-- saveWebinarAsDraft -->
  <testcase classname="adminPanelDiscValidationScripts.UpdatePDTest" name="deleteWebinarSession" time="0.0">
    <ignored/>
  </testcase> <!-- deleteWebinarSession -->
</testsuite> <!-- Default test -->
