<?xml version="1.0" encoding="UTF-8"?>
<!-- Generated by org.testng.reporters.JUnitReportReporter -->
<testsuite hostname="DESKTOP-AV62DVG" failures="0" tests="3" name="adminWebinarValidationScript.WebinarVideoValidation" time="6.668" errors="1" timestamp="2025-07-30T18:01:52 IST" skipped="2">
  <testcase classname="adminWebinarValidationScript.WebinarVideoValidation" name="preCondition" time="6.668">
    <error message="no such element: element not found
  (Session info: chrome=138.0.7204.169)
For documentation on this error, please visit: https://www.selenium.dev/documentation/webdriver/troubleshooting/errors#no-such-element-exception
Build info: version: &#039;4.20.0&#039;, revision: &#039;866c76ca80&#039;
System info: os.name: &#039;Windows 11&#039;, os.arch: &#039;amd64&#039;, os.version: &#039;10.0&#039;, java.version: &#039;21.0.7&#039;
Driver info: org.openqa.selenium.chrome.ChromeDriver
Command: [b09135ca67906acf81bca66fe022c60f, executeScript {args=[{element-6066-11e4-a52e-4f735466cecf=f.77ACB5E4146BE233DADC096104B49171.d.9CBD05CFC91A4C203DE5863165A754CA.e.13}], script=arguments[0].click();}]
Capabilities {acceptInsecureCerts: false, browserName: chrome, browserVersion: 138.0.7204.169, chrome: {chromedriverVersion: 138.0.7204.183 (e90faf484dd..., userDataDir: C:\Users\Admin\AppData\Loca...}, fedcm:accounts: true, goog:chromeOptions: {debuggerAddress: localhost:65493}, networkConnectionEnabled: false, pageLoadStrategy: normal, platformName: windows, proxy: Proxy(), se:cdp: ws://localhost:65493/devtoo..., se:cdpVersion: 138.0.7204.169, setWindowRect: true, strictFileInteractability: false, timeouts: {implicit: 0, pageLoad: 300000, script: 30000}, unhandledPromptBehavior: dismiss and notify, webauthn:extension:credBlob: true, webauthn:extension:largeBlob: true, webauthn:extension:minPinLength: true, webauthn:extension:prf: true, webauthn:virtualAuthenticators: true}
Session ID: b09135ca67906acf81bca66fe022c60f" type="org.openqa.selenium.NoSuchElementException">
      <![CDATA[org.openqa.selenium.NoSuchElementException: no such element: element not found
  (Session info: chrome=138.0.7204.169)
For documentation on this error, please visit: https://www.selenium.dev/documentation/webdriver/troubleshooting/errors#no-such-element-exception
Build info: version: '4.20.0', revision: '866c76ca80'
System info: os.name: 'Windows 11', os.arch: 'amd64', os.version: '10.0', java.version: '21.0.7'
Driver info: org.openqa.selenium.chrome.ChromeDriver
Command: [b09135ca67906acf81bca66fe022c60f, executeScript {args=[{element-6066-11e4-a52e-4f735466cecf=f.77ACB5E4146BE233DADC096104B49171.d.9CBD05CFC91A4C203DE5863165A754CA.e.13}], script=arguments[0].click();}]
Capabilities {acceptInsecureCerts: false, browserName: chrome, browserVersion: 138.0.7204.169, chrome: {chromedriverVersion: 138.0.7204.183 (e90faf484dd..., userDataDir: C:\Users\Admin\AppData\Loca...}, fedcm:accounts: true, goog:chromeOptions: {debuggerAddress: localhost:65493}, networkConnectionEnabled: false, pageLoadStrategy: normal, platformName: windows, proxy: Proxy(), se:cdp: ws://localhost:65493/devtoo..., se:cdpVersion: 138.0.7204.169, setWindowRect: true, strictFileInteractability: false, timeouts: {implicit: 0, pageLoad: 300000, script: 30000}, unhandledPromptBehavior: dismiss and notify, webauthn:extension:credBlob: true, webauthn:extension:largeBlob: true, webauthn:extension:minPinLength: true, webauthn:extension:prf: true, webauthn:virtualAuthenticators: true}
Session ID: b09135ca67906acf81bca66fe022c60f
at java.base/jdk.internal.reflect.DirectConstructorHandleAccessor.newInstance(DirectConstructorHandleAccessor.java:62)
at java.base/java.lang.reflect.Constructor.newInstanceWithCaller(Constructor.java:502)
at java.base/java.lang.reflect.Constructor.newInstance(Constructor.java:486)
at org.openqa.selenium.remote.ErrorCodec.decode(ErrorCodec.java:167)
at org.openqa.selenium.remote.codec.w3c.W3CHttpResponseCodec.decode(W3CHttpResponseCodec.java:138)
at org.openqa.selenium.remote.codec.w3c.W3CHttpResponseCodec.decode(W3CHttpResponseCodec.java:50)
at org.openqa.selenium.remote.HttpCommandExecutor.execute(HttpCommandExecutor.java:190)
at org.openqa.selenium.remote.service.DriverCommandExecutor.invokeExecute(DriverCommandExecutor.java:216)
at org.openqa.selenium.remote.service.DriverCommandExecutor.execute(DriverCommandExecutor.java:174)
at org.openqa.selenium.remote.RemoteWebDriver.execute(RemoteWebDriver.java:518)
at org.openqa.selenium.remote.RemoteWebDriver.executeScript(RemoteWebDriver.java:463)
at com.tech_Connect.Action.ActionClass.click(ActionClass.java:49)
at com.TechConnect.Base.AdminBaseClass.preCondition(AdminBaseClass.java:51)
at java.base/jdk.internal.reflect.DirectMethodHandleAccessor.invoke(DirectMethodHandleAccessor.java:103)
at java.base/java.lang.reflect.Method.invoke(Method.java:580)
at org.testng.internal.invokers.MethodInvocationHelper.invokeMethod(MethodInvocationHelper.java:141)
at org.testng.internal.invokers.MethodInvocationHelper.invokeMethodConsideringTimeout(MethodInvocationHelper.java:71)
at org.testng.internal.invokers.ConfigInvoker.invokeConfigurationMethod(ConfigInvoker.java:400)
at org.testng.internal.invokers.ConfigInvoker.invokeConfigurations(ConfigInvoker.java:333)
at org.testng.internal.invokers.TestMethodWorker.invokeBeforeClassMethods(TestMethodWorker.java:188)
at org.testng.internal.invokers.TestMethodWorker.run(TestMethodWorker.java:128)
at java.base/java.util.ArrayList.forEach(ArrayList.java:1596)
at org.testng.TestRunner.privateRun(TestRunner.java:741)
at org.testng.TestRunner.run(TestRunner.java:616)
at org.testng.SuiteRunner.runTest(SuiteRunner.java:421)
at org.testng.SuiteRunner.runSequentially(SuiteRunner.java:413)
at org.testng.SuiteRunner.privateRun(SuiteRunner.java:373)
at org.testng.SuiteRunner.run(SuiteRunner.java:312)
at org.testng.SuiteRunnerWorker.runSuite(SuiteRunnerWorker.java:52)
at org.testng.SuiteRunnerWorker.run(SuiteRunnerWorker.java:95)
at org.testng.TestNG.runSuitesSequentially(TestNG.java:1274)
at org.testng.TestNG.runSuitesLocally(TestNG.java:1208)
at org.testng.TestNG.runSuites(TestNG.java:1112)
at org.testng.TestNG.run(TestNG.java:1079)
at org.testng.remote.AbstractRemoteTestNG.run(AbstractRemoteTestNG.java:115)
at org.testng.remote.RemoteTestNG.initAndRun(RemoteTestNG.java:293)
at org.testng.remote.RemoteTestNG.main(RemoteTestNG.java:91)
]]>
    </error>
  </testcase> <!-- preCondition -->
  <testcase classname="adminWebinarValidationScript.WebinarVideoValidation" name="validateAddVideo" time="0.000">
    <skipped/>
    <system-out>
      <![CDATA[⚠️ Test Skipped: validateAddVideo
🟢 Executing Test: validateDeleteVideo]]>
    </system-out>
  </testcase> <!-- validateAddVideo -->
  <testcase classname="adminWebinarValidationScript.WebinarVideoValidation" name="validateDeleteVideo" time="0.000">
    <skipped/>
    <system-out>
      <![CDATA[⚠️ Test Skipped: validateDeleteVideo
🏁 Test Execution Completed!]]>
    </system-out>
  </testcase> <!-- validateDeleteVideo -->
  <system-out>
    <![CDATA[🚀 Test Execution Started at: 2025.07.30.18.00.34
Admin login successful
🟢 Executing Test: addNewWebinar
❌ Test Failed: addNewWebinar | Reason: Expected condition failed: waiting for element to be clickable: Proxy element for: DefaultElementLocator 'By.xpath: //button[text()='Add New']' (tried for 30 second(s) with 500 milliseconds interval)
🟢 Executing Test: deleteWebinar
❌ Test Failed: deleteWebinar | Reason: Cannot invoke "AdminCommonEventActions.EventsActionsTest.searchEvent(String)" because "this.eventsActionsTest" is null
🏁 Test Execution Completed!
🚀 Test Execution Started at: 2025.07.30.18.01.29
🟢 Executing Test: updateWebinar
⚠️ Test Skipped: updateWebinar
🟢 Executing Test: addSession
⚠️ Test Skipped: addSession
🟢 Executing Test: updateWebinarSession
⚠️ Test Skipped: updateWebinarSession
🟢 Executing Test: deleteWebinarSession
⚠️ Test Skipped: deleteWebinarSession
🟢 Executing Test: addSpeaker
⚠️ Test Skipped: addSpeaker
🟢 Executing Test: addExistingSpeaker
⚠️ Test Skipped: addExistingSpeaker
🟢 Executing Test: updateWebinarSpeaker
⚠️ Test Skipped: updateWebinarSpeaker
🟢 Executing Test: deleteWebinarSpeaker
⚠️ Test Skipped: deleteWebinarSpeaker
🟢 Executing Test: addSponsor
⚠️ Test Skipped: addSponsor
🟢 Executing Test: addExistingSponsor
⚠️ Test Skipped: addExistingSponsor
🟢 Executing Test: updateWebinarSponsor
⚠️ Test Skipped: updateWebinarSponsor
🟢 Executing Test: deleteWebinarSponsor
⚠️ Test Skipped: deleteWebinarSponsor
🟢 Executing Test: publishWebinar
⚠️ Test Skipped: publishWebinar
🟢 Executing Test: saveWebinarAsDraft
⚠️ Test Skipped: saveWebinarAsDraft
🟢 Executing Test: addZoomTest
⚠️ Test Skipped: addZoomTest
🟢 Executing Test: updateZoomTest
⚠️ Test Skipped: updateZoomTest
🟢 Executing Test: addRegistrant
⚠️ Test Skipped: addRegistrant
🟢 Executing Test: deleteRegistrant
⚠️ Test Skipped: deleteRegistrant
🟢 Executing Test: deleteZoomTest
⚠️ Test Skipped: deleteZoomTest
🏁 Test Execution Completed!
🚀 Test Execution Started at: 2025.07.30.18.01.37
🟢 Executing Test: verifyAttendeeCount
⚠️ Test Skipped: verifyAttendeeCount
🟢 Executing Test: sessionCountValidation
⚠️ Test Skipped: sessionCountValidation
🟢 Executing Test: verifySpeakerCount
⚠️ Test Skipped: verifySpeakerCount
🟢 Executing Test: verifySponsorCount
⚠️ Test Skipped: verifySponsorCount
🟢 Executing Test: verifyDaysToEventDisplayedCorrectly
⚠️ Test Skipped: verifyDaysToEventDisplayedCorrectly
🏁 Test Execution Completed!
🚀 Test Execution Started at: 2025.07.30.18.01.45
🟢 Executing Test: validateAddVideo
⚠️ Test Skipped: validateAddVideo
🟢 Executing Test: validateDeleteVideo
⚠️ Test Skipped: validateDeleteVideo
🏁 Test Execution Completed!]]>
  </system-out>
</testsuite> <!-- adminWebinarValidationScript.WebinarVideoValidation -->
